<?xml version="1.0" encoding="UTF-8"?>
<!-- Generated by org.testng.reporters.JUnitReportReporter -->
<testsuite hostname="NitinVerma1" name="test.TC" tests="1" failures="0" timestamp="31 Jan 2020 14:17:07 GMT" time="86.533" errors="0">
  <testcase name="TC001" time="86.533" classname="test.TC"/>
</testsuite> <!-- test.TC -->
